# JRE version: Java(TM) SE Runtime Environment (8.0_202-b08) (build 1.8.0_202-b08)
# Java VM: Java HotSpot(TM) 64-Bit Server VM (25.202-b08 mixed mode windows-amd64 compressed oops)
Heap:
 PSYoungGen      total 53248K, used 20284K [0x00000000e0200000, 0x00000000e3a00000, 0x0000000100000000)
  eden space 49152K, 32% used [0x00000000e0200000,0x00000000e11d50c8,0x00000000e3200000)
  from space 4096K, 99% used [0x00000000e3600000,0x00000000e39fa040,0x00000000e3a00000)
  to   space 4096K, 0% used [0x00000000e3200000,0x00000000e3200000,0x00000000e3600000)
 ParOldGen       total 65536K, used 788K [0x00000000a0600000, 0x00000000a4600000, 0x00000000e0200000)
  object space 65536K, 1% used [0x00000000a0600000,0x00000000a06c5390,0x00000000a4600000)
 Metaspace       used 15980K, capacity 16394K, committed 16512K, reserved 1062912K
  class space    used 2046K, capacity 2161K, committed 2176K, reserved 1048576K
GC Heap History (4 events):
Event: 0.952 GC heap before
{Heap before GC invocations=1 (full 0):
 PSYoungGen      total 28672K, used 24576K [0x00000000e0200000, 0x00000000e2200000, 0x0000000100000000)
  eden space 24576K, 100% used [0x00000000e0200000,0x00000000e1a00000,0x00000000e1a00000)
  from space 4096K, 0% used [0x00000000e1e00000,0x00000000e1e00000,0x00000000e2200000)
  to   space 4096K, 0% used [0x00000000e1a00000,0x00000000e1a00000,0x00000000e1e00000)
 ParOldGen       total 65536K, used 0K [0x00000000a0600000, 0x00000000a4600000, 0x00000000e0200000)
  object space 65536K, 0% used [0x00000000a0600000,0x00000000a0600000,0x00000000a4600000)
 Metaspace       used 13430K, capacity 13648K, committed 13824K, reserved 1060864K
  class space    used 1663K, capacity 1720K, committed 1792K, reserved 1048576K
Event: 0.965 GC heap after
Heap after GC invocations=1 (full 0):
 PSYoungGen      total 28672K, used 2897K [0x00000000e0200000, 0x00000000e3a00000, 0x0000000100000000)
  eden space 24576K, 0% used [0x00000000e0200000,0x00000000e0200000,0x00000000e1a00000)
  from space 4096K, 70% used [0x00000000e1a00000,0x00000000e1cd4548,0x00000000e1e00000)
  to   space 4096K, 0% used [0x00000000e3600000,0x00000000e3600000,0x00000000e3a00000)
 ParOldGen       total 65536K, used 72K [0x00000000a0600000, 0x00000000a4600000, 0x00000000e0200000)
  object space 65536K, 0% used [0x00000000a0600000,0x00000000a0612010,0x00000000a4600000)
 Metaspace       used 13430K, capacity 13648K, committed 13824K, reserved 1060864K
  class space    used 1663K, capacity 1720K, committed 1792K, reserved 1048576K
}
Event: 2.076 GC heap before
{Heap before GC invocations=2 (full 0):
 PSYoungGen      total 28672K, used 27473K [0x00000000e0200000, 0x00000000e3a00000, 0x0000000100000000)
  eden space 24576K, 100% used [0x00000000e0200000,0x00000000e1a00000,0x00000000e1a00000)
  from space 4096K, 70% used [0x00000000e1a00000,0x00000000e1cd4548,0x00000000e1e00000)
  to   space 4096K, 0% used [0x00000000e3600000,0x00000000e3600000,0x00000000e3a00000)
 ParOldGen       total 65536K, used 72K [0x00000000a0600000, 0x00000000a4600000, 0x00000000e0200000)
  object space 65536K, 0% used [0x00000000a0600000,0x00000000a0612010,0x00000000a4600000)
 Metaspace       used 15394K, capacity 15792K, committed 15872K, reserved 1062912K
  class space    used 1948K, capacity 2034K, committed 2048K, reserved 1048576K
Event: 2.103 GC heap after
Heap after GC invocations=2 (full 0):
 PSYoungGen      total 53248K, used 4072K [0x00000000e0200000, 0x00000000e3a00000, 0x0000000100000000)
  eden space 49152K, 0% used [0x00000000e0200000,0x00000000e0200000,0x00000000e3200000)
  from space 4096K, 99% used [0x00000000e3600000,0x00000000e39fa040,0x00000000e3a00000)
  to   space 4096K, 0% used [0x00000000e3200000,0x00000000e3200000,0x00000000e3600000)
 ParOldGen       total 65536K, used 788K [0x00000000a0600000, 0x00000000a4600000, 0x00000000e0200000)
  object space 65536K, 1% used [0x00000000a0600000,0x00000000a06c5390,0x00000000a4600000)
 Metaspace       used 15394K, capacity 15792K, committed 15872K, reserved 1062912K
  class space    used 1948K, capacity 2034K, committed 2048K, reserved 1048576K
}

